2021-09-16 00:17:02 Loading main app package /tmp/.mount_ObsidieRWwQD/resources/obsidian.asar
2021-09-16 00:17:02 Checking for update using Github
2021-09-16 00:17:02 Success.
2021-09-16 00:17:02 Latest version is 0.12.15
2021-09-16 00:17:02 App is up to date.
2021-09-16 00:25:24 Loading main app package /tmp/.mount_ObsidiZlWK0t/resources/obsidian.asar
2021-09-16 00:25:25 Checking for update using Github
2021-09-16 00:25:25 Success.
2021-09-16 00:25:25 Latest version is 0.12.15
2021-09-16 00:25:25 App is up to date.
2021-09-16 00:34:07 Loading main app package /tmp/.mount_ObsidiRITzIT/resources/obsidian.asar
2021-09-16 00:34:07 Checking for update using Github
2021-09-16 00:34:08 Success.
2021-09-16 00:34:08 Latest version is 0.12.15
2021-09-16 00:34:08 App is up to date.
2021-09-16 01:34:07 Checking for update using Github
2021-09-16 01:34:07 Success.
2021-09-16 01:34:07 Latest version is 0.12.15
2021-09-16 01:34:07 App is up to date.
2021-09-16 02:34:07 Checking for update using Github
2021-09-16 02:34:07 Success.
2021-09-16 02:34:07 Latest version is 0.12.15
2021-09-16 02:34:07 App is up to date.
2021-09-16 03:34:07 Checking for update using Github
2021-09-16 03:34:07 Success.
2021-09-16 03:34:07 Latest version is 0.12.15
2021-09-16 03:34:07 App is up to date.
2021-09-16 04:34:07 Checking for update using Github
2021-09-16 04:34:07 Success.
2021-09-16 04:34:07 Latest version is 0.12.15
2021-09-16 04:34:07 App is up to date.
2021-09-16 05:34:07 Checking for update using Github
2021-09-16 05:34:07 Success.
2021-09-16 05:34:07 Latest version is 0.12.15
2021-09-16 05:34:07 App is up to date.
2021-09-16 06:34:07 Checking for update using Github
2021-09-16 06:34:08 Success.
2021-09-16 06:34:08 Latest version is 0.12.15
2021-09-16 06:34:08 App is up to date.
2021-09-16 16:46:25 Loading main app package /tmp/.mount_Obsidi2dvacC/resources/obsidian.asar
2021-09-16 16:46:25 Checking for update using Github
2021-09-16 16:46:25 Success.
2021-09-16 16:46:25 Latest version is 0.12.15
2021-09-16 16:46:25 App is up to date.
2021-09-16 17:46:25 Checking for update using Github
2021-09-16 17:46:25 Success.
2021-09-16 17:46:25 Latest version is 0.12.15
2021-09-16 17:46:25 App is up to date.
2021-09-16 18:46:25 Checking for update using Github
2021-09-16 18:46:25 Success.
2021-09-16 18:46:25 Latest version is 0.12.15
2021-09-16 18:46:25 App is up to date.
2021-09-16 19:46:25 Checking for update using Github
2021-09-16 19:46:25 Success.
2021-09-16 19:46:25 Latest version is 0.12.15
2021-09-16 19:46:25 App is up to date.
2021-09-16 20:46:25 Checking for update using Github
2021-09-16 20:46:25 Success.
2021-09-16 20:46:25 Latest version is 0.12.15
2021-09-16 20:46:25 App is up to date.
2021-09-16 21:46:25 Checking for update using Github
2021-09-16 21:46:25 Success.
2021-09-16 21:46:25 Latest version is 0.12.15
2021-09-16 21:46:25 App is up to date.
2021-09-16 22:46:25 Checking for update using Github
2021-09-16 22:46:25 Success.
2021-09-16 22:46:25 Latest version is 0.12.15
2021-09-16 22:46:25 App is up to date.
2021-09-16 23:46:25 Checking for update using Github
2021-09-16 23:46:25 Success.
2021-09-16 23:46:25 Latest version is 0.12.15
2021-09-16 23:46:25 App is up to date.
2021-09-17 00:46:25 Checking for update using Github
2021-09-17 00:46:25 Success.
2021-09-17 00:46:25 Latest version is 0.12.15
2021-09-17 00:46:25 App is up to date.
2021-09-17 01:46:25 Checking for update using Github
2021-09-17 01:46:25 Success.
2021-09-17 01:46:25 Latest version is 0.12.15
2021-09-17 01:46:25 App is up to date.
2021-09-17 02:46:25 Checking for update using Github
2021-09-17 02:46:26 Success.
2021-09-17 02:46:26 Latest version is 0.12.15
2021-09-17 02:46:26 App is up to date.
2021-09-17 02:47:48 Loading main app package /tmp/.mount_ObsidiA66i2d/resources/obsidian.asar
2021-09-18 21:13:55 Loading main app package /tmp/.mount_Obsidie7Iol5/resources/obsidian.asar
2021-09-18 21:14:31 Loading main app package /tmp/.mount_obsidigR4FZ5/resources/obsidian.asar
2021-09-18 21:14:32 Checking for update using Github
2021-09-18 21:14:32 Success.
2021-09-18 21:14:32 Latest version is 0.12.15
2021-09-18 21:14:32 App is up to date.
2021-09-18 22:13:56 Checking for update using Github
2021-09-18 22:13:56 Success.
2021-09-18 22:13:56 Latest version is 0.12.15
2021-09-18 22:13:56 App is up to date.
2021-09-18 22:14:31 Checking for update using Github
2021-09-18 22:14:31 Success.
2021-09-18 22:14:31 Latest version is 0.12.15
2021-09-18 22:14:31 App is up to date.
2021-09-18 22:33:58 Loading main app package /tmp/.mount_Obsidi95Ctkc/resources/obsidian.asar
2021-09-18 22:34:08 Loading main app package /tmp/.mount_Obsidit72i9s/resources/obsidian.asar
2021-09-18 22:34:34 Loading main app package /tmp/.mount_obsidinpe8tr/resources/obsidian.asar
2021-09-18 22:34:34 Checking for update using Github
2021-09-18 22:34:34 Success.
2021-09-18 22:34:34 Latest version is 0.12.15
2021-09-18 22:34:34 App is up to date.
2021-09-18 23:33:58 Checking for update using Github
2021-09-18 23:33:59 Success.
2021-09-18 23:33:59 Latest version is 0.12.15
2021-09-18 23:33:59 App is up to date.
2021-09-18 23:34:08 Checking for update using Github
2021-09-18 23:34:08 Success.
2021-09-18 23:34:08 Latest version is 0.12.15
2021-09-18 23:34:08 App is up to date.
2021-09-18 23:34:34 Checking for update using Github
2021-09-18 23:34:34 Success.
2021-09-18 23:34:34 Latest version is 0.12.15
2021-09-18 23:34:34 App is up to date.
2021-09-19 00:33:59 Checking for update using Github
2021-09-19 00:33:59 Success.
2021-09-19 00:33:59 Latest version is 0.12.15
2021-09-19 00:33:59 App is up to date.
2021-09-19 00:34:08 Checking for update using Github
2021-09-19 00:34:08 Success.
2021-09-19 00:34:08 Latest version is 0.12.15
2021-09-19 00:34:08 App is up to date.
2021-09-19 00:34:34 Checking for update using Github
2021-09-19 00:34:34 Success.
2021-09-19 00:34:34 Latest version is 0.12.15
2021-09-19 00:34:34 App is up to date.
2021-09-19 19:25:06 Loading main app package /tmp/.mount_ObsidiZ5ljS3/resources/obsidian.asar
2021-09-19 19:25:07 Checking for update using Github
2021-09-19 19:25:07 Success.
2021-09-19 19:25:07 Latest version is 0.12.15
2021-09-19 19:25:07 App is up to date.
2021-09-19 20:25:06 Checking for update using Github
2021-09-19 20:25:07 Success.
2021-09-19 20:25:07 Latest version is 0.12.15
2021-09-19 20:25:07 App is up to date.
2021-09-19 21:25:07 Checking for update using Github
2021-09-19 21:25:07 Success.
2021-09-19 21:25:07 Latest version is 0.12.15
2021-09-19 21:25:07 App is up to date.
2021-09-19 22:25:07 Checking for update using Github
2021-09-19 22:25:07 Success.
2021-09-19 22:25:07 Latest version is 0.12.15
2021-09-19 22:25:07 App is up to date.
2021-09-20 22:29:28 Loading main app package /tmp/.mount_ObsidiIVcPaB/resources/obsidian.asar
2021-09-20 22:29:29 Checking for update using Github
2021-09-20 22:29:29 Success.
2021-09-20 22:29:29 Latest version is 0.12.15
2021-09-20 22:29:29 App is up to date.
2021-09-20 22:37:44 Loading main app package /tmp/.mount_ObsidiQhrcEJ/resources/obsidian.asar
2021-09-20 22:37:45 Checking for update using Github
2021-09-20 22:37:45 Success.
2021-09-20 22:37:45 Latest version is 0.12.15
2021-09-20 22:37:45 App is up to date.
2021-09-20 22:38:55 Loading main app package /tmp/.mount_ObsidighUScb/resources/obsidian.asar
2021-09-20 22:38:56 Checking for update using Github
2021-09-20 22:38:56 Success.
2021-09-20 22:38:56 Latest version is 0.12.15
2021-09-20 22:38:56 App is up to date.
2021-09-20 23:38:55 Checking for update using Github
2021-09-20 23:38:55 Success.
2021-09-20 23:38:55 Latest version is 0.12.15
2021-09-20 23:38:55 App is up to date.
2021-09-21 00:38:55 Checking for update using Github
2021-09-21 00:38:56 Success.
2021-09-21 00:38:56 Latest version is 0.12.15
2021-09-21 00:38:56 App is up to date.
2021-09-21 01:38:56 Checking for update using Github
2021-09-21 01:38:56 Success.
2021-09-21 01:38:56 Latest version is 0.12.15
2021-09-21 01:38:56 App is up to date.
2021-09-22 20:45:00 Loading main app package /tmp/.mount_ObsidiTxFVSy/resources/obsidian.asar
2021-09-22 20:45:01 Checking for update using Github
2021-09-22 20:45:01 Success.
2021-09-22 20:45:01 Latest version is 0.12.15
2021-09-22 20:45:01 App is up to date.
2021-09-22 21:45:01 Checking for update using Github
2021-09-22 21:45:01 Success.
2021-09-22 21:45:01 Latest version is 0.12.15
2021-09-22 21:45:01 App is up to date.
2021-09-22 22:45:01 Checking for update using Github
2021-09-22 22:45:01 Success.
2021-09-22 22:45:01 Latest version is 0.12.15
2021-09-22 22:45:01 App is up to date.
2021-09-22 23:45:01 Checking for update using Github
2021-09-22 23:45:01 Success.
2021-09-22 23:45:01 Latest version is 0.12.15
2021-09-22 23:45:01 App is up to date.
2021-09-23 00:45:01 Checking for update using Github
2021-09-23 00:45:01 Success.
2021-09-23 00:45:01 Latest version is 0.12.15
2021-09-23 00:45:01 App is up to date.
2021-09-23 01:45:01 Checking for update using Github
2021-09-23 01:45:01 Success.
2021-09-23 01:45:01 Latest version is 0.12.15
2021-09-23 01:45:01 App is up to date.
2021-09-23 02:45:01 Checking for update using Github
2021-09-23 02:45:01 Success.
2021-09-23 02:45:01 Latest version is 0.12.15
2021-09-23 02:45:01 App is up to date.
2021-09-23 03:45:01 Checking for update using Github
2021-09-23 03:45:01 Success.
2021-09-23 03:45:01 Latest version is 0.12.15
2021-09-23 03:45:01 App is up to date.
2021-09-23 04:45:01 Checking for update using Github
2021-09-23 04:45:01 Success.
2021-09-23 04:45:01 Latest version is 0.12.15
2021-09-23 04:45:01 App is up to date.
2021-09-27 20:31:44 Loading main app package /tmp/.mount_Obsidi5Wo5Qw/resources/obsidian.asar
2021-09-27 20:31:44 Checking for update using Github
2021-09-27 20:31:44 Success.
2021-09-27 20:31:44 Latest version is 0.12.15
2021-09-27 20:31:44 App is up to date.
2021-09-27 21:31:44 Checking for update using Github
2021-09-27 21:31:44 Success.
2021-09-27 21:31:44 Latest version is 0.12.15
2021-09-27 21:31:44 App is up to date.
2021-09-27 22:31:44 Checking for update using Github
2021-09-27 22:31:44 Success.
2021-09-27 22:31:44 Latest version is 0.12.15
2021-09-27 22:31:44 App is up to date.
2021-09-27 23:31:44 Checking for update using Github
2021-09-27 23:31:44 Success.
2021-09-27 23:31:44 Latest version is 0.12.15
2021-09-27 23:31:44 App is up to date.
2021-09-28 00:31:44 Checking for update using Github
2021-09-28 00:31:44 Success.
2021-09-28 00:31:44 Latest version is 0.12.15
2021-09-28 00:31:44 App is up to date.
2021-09-28 17:22:40 Loading main app package /tmp/.mount_ObsidikePuNn/resources/obsidian.asar
2021-09-28 17:22:40 Checking for update using Github
2021-09-28 17:22:40 Success.
2021-09-28 17:22:40 Latest version is 0.12.15
2021-09-28 17:22:40 App is up to date.
2021-09-28 18:22:40 Checking for update using Github
2021-09-28 18:22:40 Success.
2021-09-28 18:22:40 Latest version is 0.12.15
2021-09-28 18:22:40 App is up to date.
2021-09-30 01:41:52 Loading main app package /tmp/.mount_Obsidiausf3p/resources/obsidian.asar
2021-09-30 01:41:52 Checking for update using Github
2021-09-30 01:41:53 Success.
2021-09-30 01:41:53 Latest version is 0.12.15
2021-09-30 01:41:53 App is up to date.
2021-09-30 02:41:52 Checking for update using Github
2021-09-30 02:41:52 Success.
2021-09-30 02:41:52 Latest version is 0.12.15
2021-09-30 02:41:52 App is up to date.
2021-09-30 03:41:52 Checking for update using Github
2021-09-30 03:41:52 Success.
2021-09-30 03:41:52 Latest version is 0.12.15
2021-09-30 03:41:52 App is up to date.
2021-10-01 03:32:15 Loading main app package /tmp/.mount_Obsidiy8pzFW/resources/obsidian.asar
2021-10-01 03:32:16 Checking for update using Github
2021-10-01 03:32:16 Success.
2021-10-01 03:32:16 Latest version is 0.12.15
2021-10-01 03:32:16 App is up to date.
2021-10-01 04:32:15 Checking for update using Github
2021-10-01 04:32:16 Success.
2021-10-01 04:32:16 Latest version is 0.12.15
2021-10-01 04:32:16 App is up to date.
2021-10-01 05:09:11 Loading main app package /tmp/.mount_ObsidikQvIjz/resources/obsidian.asar
2021-10-01 05:09:11 Checking for update using Github
2021-10-01 05:09:11 Success.
2021-10-01 05:09:11 Latest version is 0.12.15
2021-10-01 05:09:11 App is up to date.
2021-10-01 05:09:50 Checking for update using Github
2021-10-01 05:09:50 Success.
2021-10-01 05:09:50 Latest version is 0.12.15
2021-10-01 05:09:50 App is up to date.
2021-10-01 05:09:50 Checking for update using Github
2021-10-01 05:09:50 Success.
2021-10-01 05:09:50 Latest version is 0.12.15
2021-10-01 05:09:50 App is up to date.
2021-10-01 05:09:51 Checking for update using Github
2021-10-01 05:09:51 Success.
2021-10-01 05:09:51 Latest version is 0.12.15
2021-10-01 05:09:51 App is up to date.
2021-10-01 05:09:51 Checking for update using Github
2021-10-01 05:09:51 Success.
2021-10-01 05:09:51 Latest version is 0.12.15
2021-10-01 05:09:51 App is up to date.
2021-10-01 05:09:51 Checking for update using Github
2021-10-01 05:09:51 Success.
2021-10-01 05:09:51 Latest version is 0.12.15
2021-10-01 05:09:51 App is up to date.
2021-10-01 06:09:11 Checking for update using Github
2021-10-01 06:09:11 Success.
2021-10-01 06:09:11 Latest version is 0.12.15
2021-10-01 06:09:11 App is up to date.
2021-10-03 00:03:38 Loading main app package /tmp/.mount_ObsidiMfjWbB/resources/obsidian.asar
2021-10-03 00:03:39 Checking for update using Github
2021-10-03 00:03:39 Success.
2021-10-03 00:03:39 Latest version is 0.12.15
2021-10-03 00:03:39 App is up to date.
2021-10-03 01:03:38 Checking for update using Github
2021-10-03 01:03:39 Success.
2021-10-03 01:03:39 Latest version is 0.12.15
2021-10-03 01:03:39 App is up to date.
2021-10-03 19:25:50 Loading main app package /tmp/.mount_ObsidiQvWRTF/resources/obsidian.asar
2021-10-03 19:25:50 Checking for update using Github
2021-10-03 19:25:51 Success.
2021-10-03 19:25:51 Latest version is 0.12.15
2021-10-03 19:25:51 App is up to date.
2021-10-03 20:25:50 Checking for update using Github
2021-10-03 20:25:50 Success.
2021-10-03 20:25:50 Latest version is 0.12.15
2021-10-03 20:25:50 App is up to date.
2021-10-03 21:25:50 Checking for update using Github
2021-10-03 21:25:50 Success.
2021-10-03 21:25:50 Latest version is 0.12.15
2021-10-03 21:25:50 App is up to date.
2021-10-03 22:25:50 Checking for update using Github
2021-10-03 22:25:50 Success.
2021-10-03 22:25:50 Latest version is 0.12.15
2021-10-03 22:25:50 App is up to date.
2021-10-04 03:47:24 Loading main app package /tmp/.mount_ObsiditbhEVY/resources/obsidian.asar
2021-10-04 03:47:24 Checking for update using Github
2021-10-04 03:47:25 Success.
2021-10-04 03:47:25 Latest version is 0.12.15
2021-10-04 03:47:25 App is up to date.
2021-10-04 04:47:24 Checking for update using Github
2021-10-04 04:47:24 Success.
2021-10-04 04:47:24 Latest version is 0.12.15
2021-10-04 04:47:24 App is up to date.
2021-10-04 05:47:24 Checking for update using Github
2021-10-04 05:47:24 Success.
2021-10-04 05:47:24 Latest version is 0.12.15
2021-10-04 05:47:24 App is up to date.
2021-10-04 20:02:47 Loading main app package /tmp/.mount_ObsidiQX7ndg/resources/obsidian.asar
2021-10-04 20:02:47 Checking for update using Github
2021-10-04 20:02:47 Success.
2021-10-04 20:02:47 Latest version is 0.12.15
2021-10-04 20:02:47 App is up to date.
2021-10-04 21:02:47 Checking for update using Github
2021-10-04 21:02:47 Success.
2021-10-04 21:02:47 Latest version is 0.12.15
2021-10-04 21:02:47 App is up to date.
2021-10-04 22:02:47 Checking for update using Github
2021-10-04 22:02:47 Success.
2021-10-04 22:02:47 Latest version is 0.12.15
2021-10-04 22:02:47 App is up to date.
2021-10-04 23:02:47 Checking for update using Github
2021-10-04 23:02:47 Success.
2021-10-04 23:02:47 Latest version is 0.12.15
2021-10-04 23:02:47 App is up to date.
2021-10-05 00:02:47 Checking for update using Github
2021-10-05 00:02:47 Success.
2021-10-05 00:02:47 Latest version is 0.12.15
2021-10-05 00:02:47 App is up to date.
2021-10-05 01:02:47 Checking for update using Github
2021-10-05 01:02:47 Success.
2021-10-05 01:02:47 Latest version is 0.12.15
2021-10-05 01:02:47 App is up to date.
2021-10-05 02:02:47 Checking for update using Github
2021-10-05 02:02:47 Success.
2021-10-05 02:02:47 Latest version is 0.12.15
2021-10-05 02:02:47 App is up to date.
2021-10-05 03:02:47 Checking for update using Github
2021-10-05 03:02:47 Success.
2021-10-05 03:02:47 Latest version is 0.12.15
2021-10-05 03:02:47 App is up to date.
2021-10-05 04:02:47 Checking for update using Github
2021-10-05 04:02:47 Success.
2021-10-05 04:02:47 Latest version is 0.12.15
2021-10-05 04:02:47 App is up to date.
2021-10-05 05:02:47 Checking for update using Github
2021-10-05 05:02:48 Success.
2021-10-05 05:02:48 Latest version is 0.12.15
2021-10-05 05:02:48 App is up to date.
2021-10-05 20:06:12 Loading main app package /tmp/.mount_Obsidi2nZkxa/resources/obsidian.asar
2021-10-05 20:06:12 Checking for update using Github
2021-10-05 20:06:13 Success.
2021-10-05 20:06:13 Latest version is 0.12.15
2021-10-05 20:06:13 App is up to date.
2021-10-05 21:06:12 Checking for update using Github
2021-10-05 21:06:12 Success.
2021-10-05 21:06:12 Latest version is 0.12.15
2021-10-05 21:06:12 App is up to date.
2021-10-05 22:06:12 Checking for update using Github
2021-10-05 22:06:12 Success.
2021-10-05 22:06:12 Latest version is 0.12.15
2021-10-05 22:06:12 App is up to date.
2021-10-05 23:06:12 Checking for update using Github
2021-10-05 23:06:12 Success.
2021-10-05 23:06:12 Latest version is 0.12.15
2021-10-05 23:06:12 App is up to date.
2021-10-06 00:06:12 Checking for update using Github
2021-10-06 00:06:12 Success.
2021-10-06 00:06:12 Latest version is 0.12.15
2021-10-06 00:06:12 App is up to date.
2021-10-06 01:06:12 Checking for update using Github
2021-10-06 01:06:13 Success.
2021-10-06 01:06:13 Latest version is 0.12.15
2021-10-06 01:06:13 App is up to date.
2021-10-06 02:06:12 Checking for update using Github
2021-10-06 02:06:13 Success.
2021-10-06 02:06:13 Latest version is 0.12.15
2021-10-06 02:06:13 App is up to date.
2021-10-06 03:06:13 Checking for update using Github
2021-10-06 03:06:13 Success.
2021-10-06 03:06:13 Latest version is 0.12.15
2021-10-06 03:06:13 App is up to date.
2021-10-06 04:06:13 Checking for update using Github
2021-10-06 04:06:13 Success.
2021-10-06 04:06:13 Latest version is 0.12.15
2021-10-06 04:06:13 App is up to date.
2021-10-06 05:06:13 Checking for update using Github
2021-10-06 05:06:13 Success.
2021-10-06 05:06:13 Latest version is 0.12.15
2021-10-06 05:06:13 App is up to date.
